Arguments: 
  /usr/local/Cellar/node/14.12.0/bin/node /usr/local/Cellar/yarn/1.22.5/libexec/bin/yarn.js install

PATH: 
  /usr/local/bin:/usr/bin:/bin:/usr/sbin:/sbin:/Library/Apple/usr/bin

Yarn version: 
  1.22.5

Node version: 
  14.12.0

Platform: 
  darwin x64

Trace: 
  Error: getaddrinfo ENOTFOUND registry.yarnpkg.com
      at GetAddrInfoReqWrap.onlookup [as oncomplete] (dns.js:67:26)

npm manifest: 
  {
    "name": "expowhoami",
  	"displayName": "expowhoami",
  	"description": "expowhoami lets you quickly know which expo account you are logged into",
  	"version": "0.0.1",
  	"engines": {
  		"vscode": "^1.53.0"
  	},
  	"categories": [
  		"Other"
  	],
  	"activationEvents": [
          "onCommand:expowhoami.helloWorld"
  	],
  	"main": "./extension.js",
  	"contributes": {
  		"commands": [{
              "command": "expowhoami.helloWorld",
              "title": "Hello World"
  
  		}]
  	},
  	"scripts": {
  		"lint": "eslint .",
  		"pretest": "yarn run lint",
  		"test": "node ./test/runTest.js"
  	},
  	"devDependencies": {
          "@types/vscode": "^1.53.0",
          "@types/glob": "^7.1.3",
          "@types/mocha": "^8.0.4",
          "@types/node": "^12.11.7",
          "eslint": "^7.19.0",
          "glob": "^7.1.6",
          "mocha": "^8.2.1",
          "typescript": "^4.1.3",
          "vscode-test": "^1.5.0"
      }
  
  }

yarn manifest: 
  No manifest

Lockfile: 
  No lockfile
